TN:
SF:src/Counter.sol
DA:29,5
FN:29,Counter.getHookPermissions
FNDA:5,Counter.getHookPermissions
DA:30,5
DA:52,2
FN:52,Counter._beforeSwap
FNDA:2,Counter._beforeSwap
DA:57,2
DA:58,2
DA:61,2
FN:61,Counter._afterSwap
FNDA:2,Counter._afterSwap
DA:66,2
DA:67,2
DA:70,3
FN:70,Counter._beforeAddLiquidity
FNDA:3,Counter._beforeAddLiquidity
DA:75,3
DA:76,3
DA:79,2
FN:79,Counter._beforeRemoveLiquidity
FNDA:2,Counter._beforeRemoveLiquidity
DA:84,2
DA:85,2
FNF:5
FNH:5
LF:14
LH:14
BRF:0
BRH:0
end_of_record
TN:
SF:src/Executor.sol
DA:61,9
FN:61,Executor.constructor
FNDA:9,Executor.constructor
DA:67,9
DA:68,9
DA:69,9
DA:76,16
FN:76,Executor.executeNextSlice
FNDA:16,Executor.executeNextSlice
DA:81,16
BRDA:81,0,0,1
DA:82,1
DA:85,15
DA:89,15
BRDA:89,1,0,2
DA:90,2
DA:91,2
DA:92,2
DA:95,13
DA:97,13
DA:104,13
DA:110,13
DA:114,13
DA:116,13
BRDA:116,2,0,13
DA:117,10
BRDA:117,3,0,1
DA:118,1
DA:121,9
DA:122,6
BRDA:122,4,0,6
BRDA:122,4,1,2
DA:123,6
DA:124,6
BRDA:124,5,0,6
DA:125,6
DA:128,3
DA:129,3
BRDA:129,6,0,2
DA:130,2
DA:134,6
DA:135,9
DA:136,3
BRDA:136,2,1,3
DA:137,3
DA:138,3
DA:140,3
DA:141,3
DA:142,3
DA:143,3
DA:151,10
FN:151,Executor.unlockCallback
FNDA:10,Executor.unlockCallback
DA:152,10
BRDA:152,7,0,1
DA:153,1
DA:156,9
DA:157,9
DA:159,9
DA:160,9
DA:162,9
BRDA:162,8,0,6
BRDA:162,8,1,1
DA:163,6
DA:164,3
BRDA:164,9,0,1
DA:165,1
DA:168,8
BRDA:168,10,0,1
BRDA:168,10,1,6
DA:169,1
DA:170,7
BRDA:170,11,0,6
DA:171,6
DA:174,7
FNF:3
FNH:3
LF:53
LH:53
BRF:16
BRH:16
end_of_record
TN:
SF:src/LargeCapExecutionHook.sol
DA:42,10
FN:42,LargeCapExecutionHook.constructor
FNDA:10,LargeCapExecutionHook.constructor
DA:43,10
DA:46,4
FN:46,LargeCapExecutionHook.onlyVault
FNDA:4,LargeCapExecutionHook.onlyVault
DA:47,4
BRDA:47,0,0,1
DA:48,1
DA:53,11
FN:53,LargeCapExecutionHook.getHookPermissions
FNDA:11,LargeCapExecutionHook.getHookPermissions
DA:54,11
DA:76,3
FN:76,LargeCapExecutionHook.notifyOrderCreated
FNDA:3,LargeCapExecutionHook.notifyOrderCreated
DA:77,3
DA:80,1
FN:80,LargeCapExecutionHook.notifyOrderCancelled
FNDA:1,LargeCapExecutionHook.notifyOrderCancelled
DA:81,1
DA:84,2
FN:84,LargeCapExecutionHook.notifyOrderCompleted
FNDA:2,LargeCapExecutionHook.notifyOrderCompleted
DA:88,2
DA:91,4
FN:91,LargeCapExecutionHook.reportSliceBlocked
FNDA:4,LargeCapExecutionHook.reportSliceBlocked
DA:92,4
BRDA:92,1,0,1
DA:93,1
DA:96,3
DA:103,9
FN:103,LargeCapExecutionHook._beforeSwap
FNDA:9,LargeCapExecutionHook._beforeSwap
DA:108,9
DA:110,9
DA:114,8
BRDA:114,2,0,1
DA:115,1
DA:118,8
BRDA:118,3,0,2
DA:119,2
DA:122,6
DA:125,8
FN:125,LargeCapExecutionHook._afterSwap
FNDA:8,LargeCapExecutionHook._afterSwap
DA:132,8
DA:134,8
DA:135,6
BRDA:135,4,0,6
BRDA:135,4,1,1
DA:136,6
DA:137,6
BRDA:137,5,0,6
DA:138,6
DA:141,2
DA:142,2
BRDA:142,6,0,1
DA:143,1
DA:147,8
DA:148,8
DA:150,8
DA:157,17
FN:157,LargeCapExecutionHook._decodeHookData
FNDA:17,LargeCapExecutionHook._decodeHookData
DA:158,17
BRDA:158,7,0,1
DA:159,1
DA:162,16
FNF:10
FNH:10
LF:42
LH:42
BRF:9
BRH:9
end_of_record
TN:
SF:src/OrderBookVault.sol
DA:54,388566
FN:54,OrderBookVault.onlyExecutor
FNDA:388566,OrderBookVault.onlyExecutor
DA:55,388566
BRDA:55,0,0,1
DA:56,1
DA:61,2663
FN:61,OrderBookVault.onlyHook
FNDA:2663,OrderBookVault.onlyHook
DA:62,2663
BRDA:62,1,0,1
DA:63,1
DA:72,557
FN:72,OrderBookVault.createOrder
FNDA:557,OrderBookVault.createOrder
DA:73,557
DA:75,547
DA:76,547
DA:78,547
DA:94,547
DA:95,547
DA:96,547
DA:97,547
DA:98,547
DA:99,547
DA:100,547
DA:101,547
DA:102,547
DA:103,547
DA:104,547
DA:105,547
DA:106,547
DA:107,547
DA:108,547
DA:109,547
DA:110,547
DA:111,547
DA:112,547
DA:113,547
DA:114,547
DA:115,547
DA:116,547
DA:118,547
DA:120,547
DA:121,547
DA:124,267
FN:124,OrderBookVault.cancelOrder
FNDA:267,OrderBookVault.cancelOrder
DA:125,267
DA:127,267
BRDA:127,2,0,1
DA:128,1
DA:130,266
BRDA:130,3,0,1
DA:131,1
DA:133,265
BRDA:133,4,0,1
DA:134,1
DA:136,1
BRDA:136,5,0,1
DA:137,1
DA:140,263
DA:141,263
DA:143,263
DA:144,263
DA:147,7
FN:147,OrderBookVault.claimOutput
FNDA:7,OrderBookVault.claimOutput
DA:148,7
DA:150,7
BRDA:150,6,0,1
DA:151,1
DA:153,6
BRDA:153,7,0,1
DA:154,1
DA:156,5
BRDA:156,8,0,1
DA:157,1
DA:160,4
DA:161,4
BRDA:161,9,0,1
DA:162,1
DA:164,4
BRDA:164,10,0,2
DA:165,2
DA:168,2
DA:169,2
DA:170,0
DA:173,9
FN:173,OrderBookVault.withdrawRemainingInput
FNDA:9,OrderBookVault.withdrawRemainingInput
DA:174,9
DA:176,9
BRDA:176,11,0,1
DA:177,1
DA:179,8
BRDA:179,12,0,1
DA:180,1
DA:182,7
BRDA:182,13,0,1
DA:183,1
DA:185,1
BRDA:185,14,0,1
DA:186,1
DA:189,5
BRDA:189,15,0,2
DA:190,2
BRDA:190,16,0,1
DA:191,1
DA:193,1
DA:194,1
DA:197,4
DA:198,4
BRDA:198,17,0,1
DA:199,1
DA:202,3
DA:203,3
DA:206,388565
FN:206,OrderBookVault.reserveNextSlice
FNDA:388565,OrderBookVault.reserveNextSlice
DA:212,388565
DA:214,388565
DA:215,388565
BRDA:215,18,0,385901
DA:216,385901
BRDA:216,19,0,4
DA:217,4
DA:218,4
DA:220,385901
DA:221,385901
DA:224,2664
DA:225,2664
DA:226,2664
DA:227,2664
DA:228,2664
DA:229,2664
DA:231,2664
DA:234,8
FN:234,OrderBookVault.clearPendingSlice
FNDA:8,OrderBookVault.clearPendingSlice
DA:235,8
DA:237,8
BRDA:237,20,0,1
DA:238,1
DA:240,7
BRDA:240,21,0,2
DA:241,2
DA:251,14
FN:251,OrderBookVault.previewNextSlice
FNDA:14,OrderBookVault.previewNextSlice
DA:256,14
DA:259,270
FN:259,OrderBookVault.getOrder
FNDA:270,OrderBookVault.getOrder
DA:260,270
DA:263,1
FN:263,OrderBookVault.getPendingSlice
FNDA:1,OrderBookVault.getPendingSlice
DA:264,1
DA:267,1
FN:267,OrderBookVault.currentNonce
FNDA:1,OrderBookVault.currentNonce
DA:268,1
DA:275,18
FN:275,OrderBookVault.validateHookExecution
FNDA:18,OrderBookVault.validateHookExecution
DA:282,18
BRDA:282,22,0,1
DA:283,1
DA:286,17
DA:287,17
BRDA:287,23,0,1
DA:288,1
DA:290,16
BRDA:290,24,0,2
DA:291,2
DA:293,14
BRDA:293,25,0,2
DA:294,2
BRDA:294,26,0,1
DA:295,1
DA:297,1
DA:299,12
BRDA:299,27,0,1
DA:300,1
DA:302,11
BRDA:302,28,0,1
DA:303,1
DA:306,10
DA:307,10
BRDA:307,29,0,1
DA:308,1
DA:310,9
BRDA:310,30,0,2
DA:311,2
DA:313,7
DA:316,2662
FN:316,OrderBookVault.recordAfterSwap
FNDA:2662,OrderBookVault.recordAfterSwap
DA:322,2662
DA:323,2662
DA:325,2662
BRDA:325,31,0,1
DA:326,1
DA:328,2661
BRDA:328,32,0,1
DA:329,1
DA:331,2660
BRDA:331,33,0,1
DA:332,1
DA:334,2659
BRDA:334,34,0,1
DA:335,1
DA:337,2658
BRDA:337,35,0,1
DA:338,1
DA:343,2657
DA:344,2657
DA:345,2657
DA:346,2657
DA:347,2657
DA:349,2657
BRDA:349,36,0,83
DA:350,83
DA:351,83
DA:353,83
DA:354,83
DA:356,83
DA:357,83
DA:365,29
FN:365,OrderBookVault.setHook
FNDA:29,OrderBookVault.setHook
DA:366,29
BRDA:366,37,0,1
DA:367,1
DA:370,28
DA:371,28
DA:373,28
DA:376,27
FN:376,OrderBookVault.setExecutor
FNDA:27,OrderBookVault.setExecutor
DA:377,27
BRDA:377,38,0,1
DA:378,1
DA:381,26
DA:382,26
DA:384,26
DA:391,388579
FN:391,OrderBookVault._previewNextSlice
FNDA:388579,OrderBookVault._previewNextSlice
DA:396,388579
DA:398,388579
BRDA:398,39,0,1
DA:399,1
DA:400,1
DA:402,388578
BRDA:402,40,0,1
DA:403,1
DA:404,1
DA:406,388577
BRDA:406,41,0,910
DA:407,910
DA:408,910
DA:410,387667
BRDA:410,42,0,258
DA:411,258
DA:412,258
DA:414,387409
BRDA:414,43,0,1
DA:415,1
DA:416,1
DA:418,387408
BRDA:418,44,0,2
DA:419,2
DA:420,2
DA:422,387406
BRDA:422,45,0,1
DA:423,1
DA:424,1
DA:426,387405
BRDA:426,46,0,4
DA:427,4
DA:428,4
DA:430,1
BRDA:430,47,0,1
DA:431,1
DA:432,1
DA:434,387400
BRDA:434,48,0,143309
DA:435,143309
DA:436,143309
DA:438,244091
BRDA:438,49,0,244089
BRDA:438,49,1,1
DA:439,244089
BRDA:439,50,0,241422
DA:440,241422
DA:441,241422
DA:443,2
DA:444,1
BRDA:444,51,0,1
DA:445,1
DA:446,1
DA:449,2668
DA:450,2668
BRDA:450,52,0,1
DA:451,1
DA:452,1
DA:455,2667
BRDA:455,53,0,2584
DA:456,2584
DA:459,2667
BRDA:459,54,0,1
DA:460,1
DA:461,1
DA:464,2666
DA:465,2666
DA:466,2666
DA:467,2666
DA:470,557
FN:470,OrderBookVault._validateCreateOrder
FNDA:557,OrderBookVault._validateCreateOrder
DA:471,557
BRDA:471,55,0,1
DA:472,1
DA:474,556
BRDA:474,56,0,1
DA:475,1
DA:477,555
BRDA:477,57,0,1
DA:478,1
DA:480,554
BRDA:480,58,0,1
DA:481,1
DA:483,553
BRDA:483,59,0,2
DA:484,2
DA:486,551
BRDA:486,60,0,2
DA:487,2
DA:490,549
BRDA:490,61,0,547
BRDA:490,61,1,1
DA:491,547
BRDA:491,62,0,1
DA:492,1
DA:494,2
BRDA:494,63,0,1
DA:495,1
DA:499,547
FN:499,OrderBookVault._notifyOrderCreated
FNDA:547,OrderBookVault._notifyOrderCreated
DA:500,547
DA:501,547
BRDA:501,64,0,542
DA:502,542
DA:505,5
BRDA:505,65,0,5
DA:508,263
FN:508,OrderBookVault._notifyOrderCancelled
FNDA:263,OrderBookVault._notifyOrderCancelled
DA:509,263
DA:510,263
BRDA:510,66,0,262
DA:511,262
DA:514,1
BRDA:514,67,0,1
DA:517,83
FN:517,OrderBookVault._notifyOrderCompleted
FNDA:83,OrderBookVault._notifyOrderCompleted
DA:518,83
DA:519,83
BRDA:519,68,0,80
DA:520,80
DA:523,3
BRDA:523,69,0,3
FNF:21
FNH:21
LF:262
LH:261
BRF:72
BRH:72
end_of_record
TN:
SF:src/reactive/LargeCapReactiveCallback.sol
DA:74,3
FN:74,LargeCapReactiveCallback.onlyOwner
FNDA:3,LargeCapReactiveCallback.onlyOwner
DA:75,3
BRDA:75,0,0,1
DA:76,1
DA:81,14
FN:81,LargeCapReactiveCallback.constructor
FNDA:14,LargeCapReactiveCallback.constructor
DA:85,14
BRDA:85,1,0,4
DA:86,4
DA:89,10
DA:90,10
DA:91,10
DA:93,10
DA:94,10
DA:101,2
FN:101,LargeCapReactiveCallback.setOwner
FNDA:2,LargeCapReactiveCallback.setOwner
DA:102,2
BRDA:102,2,0,1
DA:103,1
DA:106,1
DA:107,1
DA:109,1
DA:112,2
FN:112,LargeCapReactiveCallback.setExpectedReactiveSender
FNDA:2,LargeCapReactiveCallback.setExpectedReactiveSender
DA:113,2
DA:114,2
DA:116,2
DA:119,4
FN:119,LargeCapReactiveCallback.setDefaultExecutionConfig
FNDA:4,LargeCapReactiveCallback.setDefaultExecutionConfig
DA:120,4
BRDA:120,3,0,2
DA:121,2
DA:123,2
BRDA:123,4,0,1
DA:124,1
DA:127,1
DA:128,1
DA:130,1
DA:133,10
FN:133,LargeCapReactiveCallback.registerPoolKey
FNDA:10,LargeCapReactiveCallback.registerPoolKey
DA:134,10
DA:136,10
DA:137,10
DA:139,10
DA:148,2
FN:148,LargeCapReactiveCallback.setOrderExecutionOverride
FNDA:2,LargeCapReactiveCallback.setOrderExecutionOverride
DA:152,2
BRDA:152,5,0,1
DA:153,1
DA:156,1
DA:162,1
DA:169,1
FN:169,LargeCapReactiveCallback.getPoolKey
FNDA:1,LargeCapReactiveCallback.getPoolKey
DA:170,1
DA:171,1
DA:174,1
FN:174,LargeCapReactiveCallback.getOrderExecutionOverride
FNDA:1,LargeCapReactiveCallback.getOrderExecutionOverride
DA:175,1
DA:182,8
FN:182,LargeCapReactiveCallback.callback
FNDA:8,LargeCapReactiveCallback.callback
DA:187,8
BRDA:187,6,0,1
DA:188,1
DA:191,7
DA:193,7
BRDA:193,7,0,1
DA:194,1
DA:195,1
DA:196,1
DA:199,6
BRDA:199,8,0,1
DA:200,1
DA:201,1
DA:202,1
DA:205,5
DA:206,5
BRDA:206,9,0,1
DA:207,1
DA:208,1
DA:209,1
DA:212,4
DA:214,4
DA:216,4
DA:217,4
DA:219,4
BRDA:219,10,0,4
DA:228,3
DA:229,3
DA:230,3
DA:232,3
DA:233,3
DA:234,1
BRDA:234,10,1,1
DA:235,1
DA:237,1
DA:238,1
DA:240,1
DA:248,4
FN:248,LargeCapReactiveCallback._resolveSqrtPriceLimit
FNDA:4,LargeCapReactiveCallback._resolveSqrtPriceLimit
DA:253,4
BRDA:253,11,0,2
DA:254,2
DA:257,2
FNF:11
FNH:11
LF:80
LH:80
BRF:13
BRH:13
end_of_record
TN:
SF:src/reactive/LargeCapReactiveScheduler.sol
DA:45,20
FN:45,LargeCapReactiveScheduler.constructor
FNDA:20,LargeCapReactiveScheduler.constructor
DA:53,20
BRDA:53,0,0,3
DA:54,3
DA:57,17
DA:58,17
DA:59,17
DA:60,17
DA:62,17
DA:63,17
DA:64,17
DA:65,17
DA:67,17
BRDA:67,1,0,11
DA:68,11
DA:70,17
DA:72,17
BRDA:72,2,0,6
DA:73,6
DA:74,6
DA:76,6
DA:77,30
BRDA:77,3,0,30
DA:84,5
BRDA:84,3,1,5
DA:85,5
DA:97,2
FN:97,LargeCapReactiveScheduler.setCallbackContract
FNDA:2,LargeCapReactiveScheduler.setCallbackContract
DA:98,2
BRDA:98,4,0,1
DA:99,1
DA:102,1
DA:103,1
DA:105,1
DA:108,2
FN:108,LargeCapReactiveScheduler.setCallbackGasLimit
FNDA:2,LargeCapReactiveScheduler.setCallbackGasLimit
DA:109,2
BRDA:109,5,0,1
DA:110,1
DA:113,1
DA:114,1
DA:116,1
DA:123,6
FN:123,LargeCapReactiveScheduler.getPausableSubscriptions
FNDA:6,LargeCapReactiveScheduler.getPausableSubscriptions
DA:124,6
DA:126,6
DA:134,6
DA:142,6
DA:150,6
DA:158,6
DA:168,17
FN:168,LargeCapReactiveScheduler.react
FNDA:17,LargeCapReactiveScheduler.react
DA:169,17
DA:171,17
BRDA:171,6,0,2
DA:172,2
DA:175,15
BRDA:175,7,0,6
DA:176,6
DA:177,6
DA:180,9
BRDA:180,8,0,2
DA:181,2
DA:182,1
BRDA:182,9,0,1
DA:183,1
DA:185,2
DA:188,7
BRDA:188,10,0,4
DA:189,4
DA:190,4
DA:193,3
BRDA:193,11,0,3
DA:194,3
DA:202,6
FN:202,LargeCapReactiveScheduler._activateAndQueue
FNDA:6,LargeCapReactiveScheduler._activateAndQueue
DA:203,6
DA:204,6
DA:205,6
DA:208,4
FN:208,LargeCapReactiveScheduler._deactivate
FNDA:4,LargeCapReactiveScheduler._deactivate
DA:209,4
BRDA:209,12,0,1
DA:210,1
DA:213,3
DA:214,3
DA:217,4
FN:217,LargeCapReactiveScheduler._handleSliceBlocked
FNDA:4,LargeCapReactiveScheduler._handleSliceBlocked
DA:218,4
DA:219,4
BRDA:219,13,0,1
DA:220,1
DA:223,3
DA:225,3
BRDA:225,14,0,1
DA:226,1
DA:227,1
DA:228,1
DA:231,2
BRDA:231,15,0,1
DA:232,1
DA:233,1
DA:236,1
DA:239,8
FN:239,LargeCapReactiveScheduler._emitCallback
FNDA:8,LargeCapReactiveScheduler._emitCallback
DA:240,8
DA:243,8
DA:245,8
DA:246,8
FNF:9
FNH:9
LF:84
LH:84
BRF:17
BRH:17
end_of_record
